<?xml version="1.0" encoding="UTF-8"?>
<testng-results ignored="0" total="4" passed="4" failed="0" skipped="0">
  <reporter-output>
  </reporter-output>
  <suite started-at="2024-10-10T15:36:46 IST" name="Gradle suite" finished-at="2024-10-10T15:42:10 IST" duration-ms="323568">
    <groups>
      <group name="Prescription">
        <method signature="testCase_03.TestCase03(java.lang.String,java.lang.String,java.lang.String,java.lang.String,java.lang.String,java.lang.String,java.lang.String)[pri:3, instance:BabyMD.tests.testCase_03@1adb7478]" name="TestCase03" class="BabyMD.tests.testCase_03"/>
      </group> <!-- Prescription -->
      <group name="Goal Creation">
        <method signature="testCase_04.TestCase04(java.lang.String,java.lang.String,java.lang.String,java.lang.String,java.lang.String)[pri:4, instance:BabyMD.tests.testCase_04@3ae66c85]" name="TestCase04" class="BabyMD.tests.testCase_04"/>
      </group> <!-- Goal Creation -->
      <group name="patient details">
        <method signature="testCase_02.TestCase02(java.lang.String,java.lang.String,java.lang.String,java.lang.String,java.lang.String,java.lang.String,java.lang.String,java.lang.String,java.lang.String,java.lang.String,java.lang.String,java.lang.String,java.lang.String,java.lang.String,java.lang.String)[pri:2, instance:BabyMD.tests.testCase_02@11a82d0f]" name="TestCase02" class="BabyMD.tests.testCase_02"/>
      </group> <!-- patient details -->
      <group name="Login Flow">
        <method signature="testCase_01.TestCase01(java.lang.String,java.lang.String)[pri:1, instance:BabyMD.tests.testCase_01@4e6d7365]" name="TestCase01" class="BabyMD.tests.testCase_01"/>
      </group> <!-- Login Flow -->
    </groups>
    <test started-at="2024-10-10T15:36:46 IST" name="Gradle test" finished-at="2024-10-10T15:42:10 IST" duration-ms="323568">
      <class name="BabyMD.tests.testCase_03">
        <test-method is-config="true" signature="createDriver()[pri:0, instance:BabyMD.tests.testCase_03@1adb7478]" started-at="2024-10-10T15:36:44 IST" name="createDriver" finished-at="2024-10-10T15:36:45 IST" duration-ms="1007" status="PASS">
          <reporter-output>
          </reporter-output>
        </test-method> <!-- createDriver -->
        <test-method signature="TestCase03(java.lang.String,java.lang.String,java.lang.String,java.lang.String,java.lang.String,java.lang.String,java.lang.String)[pri:3, instance:BabyMD.tests.testCase_03@1adb7478]" started-at="2024-10-10T15:39:37 IST" name="TestCase03" description="Adding Prescription" data-provider="data-Provider" finished-at="2024-10-10T15:41:01 IST" duration-ms="84301" status="PASS">
          <params>
            <param index="0">
              <value>
                <![CDATA[Doc Sanjay]]>
              </value>
            </param>
            <param index="1">
              <value>
                <![CDATA[UnderNutition]]>
              </value>
            </param>
            <param index="2">
              <value>
                <![CDATA[Cream]]>
              </value>
            </param>
            <param index="3">
              <value>
                <![CDATA[30.0]]>
              </value>
            </param>
            <param index="4">
              <value>
                <![CDATA[Daily]]>
              </value>
            </param>
            <param index="5">
              <value>
                <![CDATA[Morning]]>
              </value>
            </param>
            <param index="6">
              <value>
                <![CDATA[need more nutritional intake]]>
              </value>
            </param>
          </params>
          <reporter-output>
          </reporter-output>
        </test-method> <!-- TestCase03 -->
        <test-method is-config="true" signature="quitDriver()[pri:0, instance:BabyMD.tests.testCase_03@1adb7478]" started-at="2024-10-10T15:42:10 IST" name="quitDriver" finished-at="2024-10-10T15:42:10 IST" duration-ms="102" status="PASS">
          <reporter-output>
          </reporter-output>
        </test-method> <!-- quitDriver -->
      </class> <!-- BabyMD.tests.testCase_03 -->
      <class name="BabyMD.tests.testCase_04">
        <test-method is-config="true" signature="createDriver()[pri:0, instance:BabyMD.tests.testCase_04@3ae66c85]" started-at="2024-10-10T15:36:45 IST" name="createDriver" finished-at="2024-10-10T15:36:46 IST" duration-ms="999" status="PASS">
          <reporter-output>
          </reporter-output>
        </test-method> <!-- createDriver -->
        <test-method signature="TestCase04(java.lang.String,java.lang.String,java.lang.String,java.lang.String,java.lang.String)[pri:4, instance:BabyMD.tests.testCase_04@3ae66c85]" started-at="2024-10-10T15:41:01 IST" name="TestCase04" description="Adding Goal" data-provider="data-Provider" finished-at="2024-10-10T15:42:10 IST" duration-ms="68557" status="PASS">
          <params>
            <param index="0">
              <value>
                <![CDATA[Test Goal]]>
              </value>
            </param>
            <param index="1">
              <value>
                <![CDATA[50.0]]>
              </value>
            </param>
            <param index="2">
              <value>
                <![CDATA[daily]]>
              </value>
            </param>
            <param index="3">
              <value>
                <![CDATA[Every Saturday]]>
              </value>
            </param>
            <param index="4">
              <value>
                <![CDATA[Every Sunday]]>
              </value>
            </param>
          </params>
          <reporter-output>
          </reporter-output>
        </test-method> <!-- TestCase04 -->
        <test-method is-config="true" signature="quitDriver()[pri:0, instance:BabyMD.tests.testCase_04@3ae66c85]" started-at="2024-10-10T15:42:10 IST" name="quitDriver" finished-at="2024-10-10T15:42:10 IST" duration-ms="117" status="PASS">
          <reporter-output>
          </reporter-output>
        </test-method> <!-- quitDriver -->
      </class> <!-- BabyMD.tests.testCase_04 -->
      <class name="BabyMD.tests.testCase_01">
        <test-method is-config="true" signature="createDriver()[pri:0, instance:BabyMD.tests.testCase_01@4e6d7365]" started-at="2024-10-10T15:36:42 IST" name="createDriver" finished-at="2024-10-10T15:36:43 IST" duration-ms="1288" status="PASS">
          <reporter-output>
          </reporter-output>
        </test-method> <!-- createDriver -->
        <test-method signature="TestCase01(java.lang.String,java.lang.String)[pri:1, instance:BabyMD.tests.testCase_01@4e6d7365]" started-at="2024-10-10T15:36:47 IST" name="TestCase01" description="Verify admin logged in" data-provider="data-Provider" finished-at="2024-10-10T15:37:21 IST" duration-ms="34178" status="PASS">
          <params>
            <param index="0">
              <value>
                <![CDATA[9.6432432E9]]>
              </value>
            </param>
            <param index="1">
              <value>
                <![CDATA[596921.0]]>
              </value>
            </param>
          </params>
          <reporter-output>
          </reporter-output>
        </test-method> <!-- TestCase01 -->
        <test-method is-config="true" signature="quitDriver()[pri:0, instance:BabyMD.tests.testCase_01@4e6d7365]" started-at="2024-10-10T15:42:10 IST" name="quitDriver" finished-at="2024-10-10T15:42:10 IST" duration-ms="175" status="PASS">
          <reporter-output>
          </reporter-output>
        </test-method> <!-- quitDriver -->
      </class> <!-- BabyMD.tests.testCase_01 -->
      <class name="BabyMD.tests.testCase_02">
        <test-method is-config="true" signature="createDriver()[pri:0, instance:BabyMD.tests.testCase_02@11a82d0f]" started-at="2024-10-10T15:36:43 IST" name="createDriver" finished-at="2024-10-10T15:36:44 IST" duration-ms="981" status="PASS">
          <reporter-output>
          </reporter-output>
        </test-method> <!-- createDriver -->
        <test-method signature="TestCase02(java.lang.String,java.lang.String,java.lang.String,java.lang.String,java.lang.String,java.lang.String,java.lang.String,java.lang.String,java.lang.String,java.lang.String,java.lang.String,java.lang.String,java.lang.String,java.lang.String,java.lang.String)[pri:2, instance:BabyMD.tests.testCase_02@11a82d0f]" started-at="2024-10-10T15:37:21 IST" name="TestCase02" description="Adding Patient details" data-provider="data-Provider" finished-at="2024-10-10T15:39:37 IST" duration-ms="135623" status="PASS">
          <params>
            <param index="0">
              <value>
                <![CDATA[Anika Sharma]]>
              </value>
            </param>
            <param index="1">
              <value>
                <![CDATA[2020-10-10]]>
              </value>
            </param>
            <param index="2">
              <value>
                <![CDATA[+91 9876543210]]>
              </value>
            </param>
            <param index="3">
              <value>
                <![CDATA[Female]]>
              </value>
            </param>
            <param index="4">
              <value>
                <![CDATA[Father]]>
              </value>
            </param>
            <param index="5">
              <value>
                <![CDATA[+91 9876543220]]>
              </value>
            </param>
            <param index="6">
              <value>
                <![CDATA[Abhishek Clinic]]>
              </value>
            </param>
            <param index="7">
              <value>
                <![CDATA[Mumbai]]>
              </value>
            </param>
            <param index="8">
              <value>
                <![CDATA[400001]]>
              </value>
            </param>
            <param index="9">
              <value>
                <![CDATA[123 Palm Residency]]>
              </value>
            </param>
            <param index="10">
              <value>
                <![CDATA[Maharashtra]]>
              </value>
            </param>
            <param index="11">
              <value>
                <![CDATA[Rajesh Sharma]]>
              </value>
            </param>
            <param index="12">
              <value>
                <![CDATA[34.0]]>
              </value>
            </param>
            <param index="13">
              <value>
                <![CDATA[3.2]]>
              </value>
            </param>
            <param index="14">
              <value>
                <![CDATA[50.0]]>
              </value>
            </param>
          </params>
          <reporter-output>
          </reporter-output>
        </test-method> <!-- TestCase02 -->
        <test-method is-config="true" signature="quitDriver()[pri:0, instance:BabyMD.tests.testCase_02@11a82d0f]" started-at="2024-10-10T15:42:10 IST" name="quitDriver" finished-at="2024-10-10T15:42:10 IST" duration-ms="121" status="PASS">
          <reporter-output>
          </reporter-output>
        </test-method> <!-- quitDriver -->
      </class> <!-- BabyMD.tests.testCase_02 -->
    </test> <!-- Gradle test -->
  </suite> <!-- Gradle suite -->
</testng-results>
