<?xml version="1.0" encoding="UTF-8"?>
<testng-results ignored="0" total="6" passed="6" failed="0" skipped="0">
  <reporter-output>
  </reporter-output>
  <suite started-at="2024-10-15T16:56:13 IST" name="Gradle suite" finished-at="2024-10-15T17:00:17 IST" duration-ms="244484">
    <groups>
      <group name="Prescription">
        <method signature="testCase_03.TestCase03(java.lang.String,java.lang.String,java.lang.String,java.lang.String,java.lang.String,java.lang.String,java.lang.String)[pri:3, instance:BabyMD.tests.testCase_03@15515c51]" name="TestCase03" class="BabyMD.tests.testCase_03"/>
      </group> <!-- Prescription -->
      <group name="Goal Creation">
        <method signature="testCase_04.TestCase04(java.lang.String,java.lang.String,java.lang.String,java.lang.String,java.lang.String)[pri:4, instance:BabyMD.tests.testCase_04@36a7abe1]" name="TestCase04" class="BabyMD.tests.testCase_04"/>
      </group> <!-- Goal Creation -->
      <group name="Notes Creation">
        <method signature="testCase_05.TestCase05(java.lang.String,java.lang.String,java.lang.String)[pri:5, instance:BabyMD.tests.testCase_05@64a896b0]" name="TestCase05" class="BabyMD.tests.testCase_05"/>
        <method signature="testCase_06.TestCase06(java.lang.String,java.lang.String,java.lang.String,java.lang.String,java.lang.String,java.lang.String,java.lang.String,java.lang.String)[pri:5, instance:BabyMD.tests.testCase_06@e044b4a]" name="TestCase06" class="BabyMD.tests.testCase_06"/>
      </group> <!-- Notes Creation -->
      <group name="patient details">
        <method signature="testCase_02.TestCase02(java.lang.String,java.lang.String,java.lang.String,java.lang.String,java.lang.String,java.lang.String,java.lang.String,java.lang.String,java.lang.String,java.lang.String,java.lang.String,java.lang.String,java.lang.String,java.lang.String,java.lang.String)[pri:2, instance:BabyMD.tests.testCase_02@47dd778]" name="TestCase02" class="BabyMD.tests.testCase_02"/>
      </group> <!-- patient details -->
      <group name="Login Flow">
        <method signature="testCase_01.TestCase01(java.lang.String,java.lang.String)[pri:1, instance:BabyMD.tests.testCase_01@74a195a4]" name="TestCase01" class="BabyMD.tests.testCase_01"/>
      </group> <!-- Login Flow -->
    </groups>
    <test started-at="2024-10-15T16:56:13 IST" name="Gradle test" finished-at="2024-10-15T17:00:17 IST" duration-ms="244484">
      <class name="BabyMD.tests.testCase_05">
        <test-method is-config="true" signature="createDriver()[pri:0, instance:BabyMD.tests.testCase_05@64a896b0]" started-at="2024-10-15T16:56:13 IST" name="createDriver" finished-at="2024-10-15T16:56:13 IST" duration-ms="0" status="PASS">
          <reporter-output>
          </reporter-output>
        </test-method> <!-- createDriver -->
        <test-method signature="TestCase05(java.lang.String,java.lang.String,java.lang.String)[pri:5, instance:BabyMD.tests.testCase_05@64a896b0]" started-at="2024-10-15T16:58:50 IST" name="TestCase05" description="Adding Notes" data-provider="data-Provider" finished-at="2024-10-15T16:59:09 IST" duration-ms="18593" status="PASS">
          <params>
            <param index="0">
              <value>
                <![CDATA[testName]]>
              </value>
            </param>
            <param index="1">
              <value>
                <![CDATA[New categories]]>
              </value>
            </param>
            <param index="2">
              <value>
                <![CDATA[Test Note Check]]>
              </value>
            </param>
          </params>
          <reporter-output>
          </reporter-output>
        </test-method> <!-- TestCase05 -->
        <test-method is-config="true" signature="quitDriver()[pri:0, instance:BabyMD.tests.testCase_05@64a896b0]" started-at="2024-10-15T17:00:18 IST" name="quitDriver" finished-at="2024-10-15T17:00:18 IST" duration-ms="1" status="PASS">
          <reporter-output>
          </reporter-output>
        </test-method> <!-- quitDriver -->
      </class> <!-- BabyMD.tests.testCase_05 -->
      <class name="BabyMD.tests.testCase_06">
        <test-method is-config="true" signature="createDriver()[pri:0, instance:BabyMD.tests.testCase_06@e044b4a]" started-at="2024-10-15T16:56:13 IST" name="createDriver" finished-at="2024-10-15T16:56:13 IST" duration-ms="1" status="PASS">
          <reporter-output>
          </reporter-output>
        </test-method> <!-- createDriver -->
        <test-method signature="TestCase06(java.lang.String,java.lang.String,java.lang.String,java.lang.String,java.lang.String,java.lang.String,java.lang.String,java.lang.String)[pri:5, instance:BabyMD.tests.testCase_06@e044b4a]" started-at="2024-10-15T16:59:09 IST" name="TestCase06" description="Adding Notes" data-provider="data-Provider" finished-at="2024-10-15T17:00:17 IST" duration-ms="68218" status="PASS">
          <params>
            <param index="0">
              <value>
                <![CDATA[Test Goal]]>
              </value>
            </param>
            <param index="1">
              <value>
                <![CDATA[New Categories]]>
              </value>
            </param>
            <param index="2">
              <value>
                <![CDATA[Test Notes check]]>
              </value>
            </param>
            <param index="3">
              <value>
                <![CDATA[sample test notes]]>
              </value>
            </param>
            <param index="4">
              <value>
                <![CDATA[Abhishek Clinic]]>
              </value>
            </param>
            <param index="5">
              <value>
                <![CDATA[Doc Sanjay]]>
              </value>
            </param>
            <param index="6">
              <value>
                <![CDATA[45582.229166666664]]>
              </value>
            </param>
            <param index="7">
              <value>
                <![CDATA[1000.0]]>
              </value>
            </param>
          </params>
          <reporter-output>
          </reporter-output>
        </test-method> <!-- TestCase06 -->
        <test-method is-config="true" signature="quitDriver()[pri:0, instance:BabyMD.tests.testCase_06@e044b4a]" started-at="2024-10-15T17:00:18 IST" name="quitDriver" finished-at="2024-10-15T17:00:18 IST" duration-ms="0" status="PASS">
          <reporter-output>
          </reporter-output>
        </test-method> <!-- quitDriver -->
      </class> <!-- BabyMD.tests.testCase_06 -->
      <class name="BabyMD.tests.testCase_03">
        <test-method is-config="true" signature="createDriver()[pri:0, instance:BabyMD.tests.testCase_03@15515c51]" started-at="2024-10-15T16:56:13 IST" name="createDriver" finished-at="2024-10-15T16:56:13 IST" duration-ms="0" status="PASS">
          <reporter-output>
          </reporter-output>
        </test-method> <!-- createDriver -->
        <test-method signature="TestCase03(java.lang.String,java.lang.String,java.lang.String,java.lang.String,java.lang.String,java.lang.String,java.lang.String)[pri:3, instance:BabyMD.tests.testCase_03@15515c51]" started-at="2024-10-15T16:57:27 IST" name="TestCase03" description="Adding Prescription" data-provider="data-Provider" finished-at="2024-10-15T16:58:22 IST" duration-ms="54848" status="PASS">
          <params>
            <param index="0">
              <value>
                <![CDATA[Doc Sanjay]]>
              </value>
            </param>
            <param index="1">
              <value>
                <![CDATA[UnderNutition]]>
              </value>
            </param>
            <param index="2">
              <value>
                <![CDATA[Cream]]>
              </value>
            </param>
            <param index="3">
              <value>
                <![CDATA[30.0]]>
              </value>
            </param>
            <param index="4">
              <value>
                <![CDATA[Daily]]>
              </value>
            </param>
            <param index="5">
              <value>
                <![CDATA[Morning]]>
              </value>
            </param>
            <param index="6">
              <value>
                <![CDATA[need more nutritional intake]]>
              </value>
            </param>
          </params>
          <reporter-output>
          </reporter-output>
        </test-method> <!-- TestCase03 -->
        <test-method is-config="true" signature="quitDriver()[pri:0, instance:BabyMD.tests.testCase_03@15515c51]" started-at="2024-10-15T17:00:18 IST" name="quitDriver" finished-at="2024-10-15T17:00:18 IST" duration-ms="0" status="PASS">
          <reporter-output>
          </reporter-output>
        </test-method> <!-- quitDriver -->
      </class> <!-- BabyMD.tests.testCase_03 -->
      <class name="BabyMD.tests.testCase_04">
        <test-method is-config="true" signature="createDriver()[pri:0, instance:BabyMD.tests.testCase_04@36a7abe1]" started-at="2024-10-15T16:56:13 IST" name="createDriver" finished-at="2024-10-15T16:56:13 IST" duration-ms="0" status="PASS">
          <reporter-output>
          </reporter-output>
        </test-method> <!-- createDriver -->
        <test-method signature="TestCase04(java.lang.String,java.lang.String,java.lang.String,java.lang.String,java.lang.String)[pri:4, instance:BabyMD.tests.testCase_04@36a7abe1]" started-at="2024-10-15T16:58:22 IST" name="TestCase04" description="Adding Goal" data-provider="data-Provider" finished-at="2024-10-15T16:58:50 IST" duration-ms="28085" status="PASS">
          <params>
            <param index="0">
              <value>
                <![CDATA[Test Goal]]>
              </value>
            </param>
            <param index="1">
              <value>
                <![CDATA[50.0]]>
              </value>
            </param>
            <param index="2">
              <value>
                <![CDATA[daily]]>
              </value>
            </param>
            <param index="3">
              <value>
                <![CDATA[Every Saturday]]>
              </value>
            </param>
            <param index="4">
              <value>
                <![CDATA[Every Sunday]]>
              </value>
            </param>
          </params>
          <reporter-output>
          </reporter-output>
        </test-method> <!-- TestCase04 -->
        <test-method is-config="true" signature="quitDriver()[pri:0, instance:BabyMD.tests.testCase_04@36a7abe1]" started-at="2024-10-15T17:00:18 IST" name="quitDriver" finished-at="2024-10-15T17:00:18 IST" duration-ms="0" status="PASS">
          <reporter-output>
          </reporter-output>
        </test-method> <!-- quitDriver -->
      </class> <!-- BabyMD.tests.testCase_04 -->
      <class name="BabyMD.tests.testCase_01">
        <test-method is-config="true" signature="createDriver()[pri:0, instance:BabyMD.tests.testCase_01@74a195a4]" started-at="2024-10-15T16:56:12 IST" name="createDriver" finished-at="2024-10-15T16:56:13 IST" duration-ms="1306" status="PASS">
          <reporter-output>
          </reporter-output>
        </test-method> <!-- createDriver -->
        <test-method signature="TestCase01(java.lang.String,java.lang.String)[pri:1, instance:BabyMD.tests.testCase_01@74a195a4]" started-at="2024-10-15T16:56:14 IST" name="TestCase01" description="Verify admin logged in" data-provider="data-Provider" finished-at="2024-10-15T16:56:45 IST" duration-ms="31922" status="PASS">
          <params>
            <param index="0">
              <value>
                <![CDATA[9.6432432E9]]>
              </value>
            </param>
            <param index="1">
              <value>
                <![CDATA[596921.0]]>
              </value>
            </param>
          </params>
          <reporter-output>
          </reporter-output>
        </test-method> <!-- TestCase01 -->
        <test-method is-config="true" signature="quitDriver()[pri:0, instance:BabyMD.tests.testCase_01@74a195a4]" started-at="2024-10-15T17:00:17 IST" name="quitDriver" finished-at="2024-10-15T17:00:18 IST" duration-ms="196" status="PASS">
          <reporter-output>
          </reporter-output>
        </test-method> <!-- quitDriver -->
      </class> <!-- BabyMD.tests.testCase_01 -->
      <class name="BabyMD.tests.testCase_02">
        <test-method is-config="true" signature="createDriver()[pri:0, instance:BabyMD.tests.testCase_02@47dd778]" started-at="2024-10-15T16:56:13 IST" name="createDriver" finished-at="2024-10-15T16:56:13 IST" duration-ms="0" status="PASS">
          <reporter-output>
          </reporter-output>
        </test-method> <!-- createDriver -->
        <test-method signature="TestCase02(java.lang.String,java.lang.String,java.lang.String,java.lang.String,java.lang.String,java.lang.String,java.lang.String,java.lang.String,java.lang.String,java.lang.String,java.lang.String,java.lang.String,java.lang.String,java.lang.String,java.lang.String)[pri:2, instance:BabyMD.tests.testCase_02@47dd778]" started-at="2024-10-15T16:56:46 IST" name="TestCase02" description="Adding Patient details" data-provider="data-Provider" finished-at="2024-10-15T16:57:27 IST" duration-ms="41864" status="PASS">
          <params>
            <param index="0">
              <value>
                <![CDATA[Anika Sharma]]>
              </value>
            </param>
            <param index="1">
              <value>
                <![CDATA[2020-10-10]]>
              </value>
            </param>
            <param index="2">
              <value>
                <![CDATA[+91 9876543210]]>
              </value>
            </param>
            <param index="3">
              <value>
                <![CDATA[Female]]>
              </value>
            </param>
            <param index="4">
              <value>
                <![CDATA[Father]]>
              </value>
            </param>
            <param index="5">
              <value>
                <![CDATA[+91 9876543220]]>
              </value>
            </param>
            <param index="6">
              <value>
                <![CDATA[Abhishek Clinic]]>
              </value>
            </param>
            <param index="7">
              <value>
                <![CDATA[Mumbai]]>
              </value>
            </param>
            <param index="8">
              <value>
                <![CDATA[400001]]>
              </value>
            </param>
            <param index="9">
              <value>
                <![CDATA[123 Palm Residency]]>
              </value>
            </param>
            <param index="10">
              <value>
                <![CDATA[Maharashtra]]>
              </value>
            </param>
            <param index="11">
              <value>
                <![CDATA[Rajesh Sharma]]>
              </value>
            </param>
            <param index="12">
              <value>
                <![CDATA[34.0]]>
              </value>
            </param>
            <param index="13">
              <value>
                <![CDATA[3.2]]>
              </value>
            </param>
            <param index="14">
              <value>
                <![CDATA[50.0]]>
              </value>
            </param>
          </params>
          <reporter-output>
          </reporter-output>
        </test-method> <!-- TestCase02 -->
        <test-method is-config="true" signature="quitDriver()[pri:0, instance:BabyMD.tests.testCase_02@47dd778]" started-at="2024-10-15T17:00:18 IST" name="quitDriver" finished-at="2024-10-15T17:00:18 IST" duration-ms="0" status="PASS">
          <reporter-output>
          </reporter-output>
        </test-method> <!-- quitDriver -->
      </class> <!-- BabyMD.tests.testCase_02 -->
    </test> <!-- Gradle test -->
  </suite> <!-- Gradle suite -->
</testng-results>
